[W 2023-07-11 13:15:28.403 LabApp] 'port' has moved from NotebookApp to ServerApp. This config will be passed to ServerApp. Be sure to update your config before our next release.
[W 2023-07-11 13:15:28.404 LabApp] 'port' has moved from NotebookApp to ServerApp. This config will be passed to ServerApp. Be sure to update your config before our next release.
[W 2023-07-11 13:15:28.404 LabApp] 'port' has moved from NotebookApp to ServerApp. This config will be passed to ServerApp. Be sure to update your config before our next release.
[W 2023-07-11 13:15:28.404 LabApp] 'port' has moved from NotebookApp to ServerApp. This config will be passed to ServerApp. Be sure to update your config before our next release.
[I 2023-07-11 13:15:28.407 LabApp] JupyterLab extension loaded from /home/fs02/pmr82_0001/ah986/rival_framings/lib64/python3.6/site-packages/jupyterlab
[I 2023-07-11 13:15:28.407 LabApp] JupyterLab application directory is /home/fs02/pmr82_0001/ah986/rival_framings/share/jupyter/lab
[I 13:15:28.411 NotebookApp] Serving notebooks from local directory: /home/fs02/pmr82_0001/ah986/Hadjimichael-etal_2023_EarthsFuture
[I 13:15:28.411 NotebookApp] Jupyter Notebook 6.4.5 is running at:
[I 13:15:28.411 NotebookApp] http://localhost:18128/?token=acf87172f0d69914e3fe54538a08281e3db249676d07da1c
[I 13:15:28.411 NotebookApp]  or http://127.0.0.1:18128/?token=acf87172f0d69914e3fe54538a08281e3db249676d07da1c
[I 13:15:28.411 NotebookApp] Use Control-C to stop this server and shut down all kernels (twice to skip confirmation).
[C 13:15:28.417 NotebookApp] 
    
    To access the notebook, open this file in a browser:
        file:///home/fs02/pmr82_0001/ah986/.local/share/jupyter/runtime/nbserver-1573060-open.html
    Or copy and paste one of these URLs:
        http://localhost:18128/?token=acf87172f0d69914e3fe54538a08281e3db249676d07da1c
     or http://127.0.0.1:18128/?token=acf87172f0d69914e3fe54538a08281e3db249676d07da1c
[I 13:16:13.254 NotebookApp] 302 GET /?token=acf87172f0d69914e3fe54538a08281e3db249676d07da1c (::1) 0.420000ms
[W 13:16:28.707 NotebookApp] Notebook workflow/streamflow_distribution_changes.ipynb is not trusted
[W 13:16:28.725 NotebookApp] 404 GET /nbextensions/widgets/notebook/js/extension.js?v=20230711131527 (::1) 6.960000ms referer=http://localhost:8888/notebooks/workflow/streamflow_distribution_changes.ipynb
[I 13:16:29.539 NotebookApp] Kernel started: c76dc160-8e29-4a4a-9730-eff153635a82, name: python3
[I 14:39:04.691 NotebookApp] Uploading file to /streamflow_data/CMIPunscaled_SOWs_flows.npy
[I 14:40:29.529 NotebookApp] Saving file at /workflow/streamflow_distribution_changes.ipynb
[W 14:40:29.530 NotebookApp] Notebook workflow/streamflow_distribution_changes.ipynb is not trusted
[I 14:42:29.501 NotebookApp] Saving file at /workflow/streamflow_distribution_changes.ipynb
[W 14:42:29.502 NotebookApp] Notebook workflow/streamflow_distribution_changes.ipynb is not trusted
[I 14:44:29.544 NotebookApp] Saving file at /workflow/streamflow_distribution_changes.ipynb
[W 14:44:29.544 NotebookApp] Notebook workflow/streamflow_distribution_changes.ipynb is not trusted
[I 14:46:30.133 NotebookApp] Saving file at /workflow/streamflow_distribution_changes.ipynb
[W 14:46:30.133 NotebookApp] Notebook workflow/streamflow_distribution_changes.ipynb is not trusted
[W 14:47:24.670 NotebookApp] delete /streamflow_data/Paleo_SOWs_flows.npy
[I 14:47:42.649 NotebookApp] Uploading file to /streamflow_data/Paleo_SOWs_flows.npy
[I 14:47:59.201 NotebookApp] Saving file at /streamflow_data/Paleo_SOWs_flows.npy
[I 14:48:29.507 NotebookApp] Saving file at /workflow/streamflow_distribution_changes.ipynb
[W 14:48:29.507 NotebookApp] Notebook workflow/streamflow_distribution_changes.ipynb is not trusted
[I 14:50:29.635 NotebookApp] Saving file at /workflow/streamflow_distribution_changes.ipynb
[W 14:50:29.635 NotebookApp] Notebook workflow/streamflow_distribution_changes.ipynb is not trusted
[I 14:52:30.218 NotebookApp] Saving file at /workflow/streamflow_distribution_changes.ipynb
[W 14:52:30.219 NotebookApp] Notebook workflow/streamflow_distribution_changes.ipynb is not trusted
[I 14:54:29.965 NotebookApp] Saving file at /workflow/streamflow_distribution_changes.ipynb
[W 14:54:29.965 NotebookApp] Notebook workflow/streamflow_distribution_changes.ipynb is not trusted
[I 14:56:29.826 NotebookApp] Saving file at /workflow/streamflow_distribution_changes.ipynb
[W 14:56:29.826 NotebookApp] Notebook workflow/streamflow_distribution_changes.ipynb is not trusted
[I 14:58:29.955 NotebookApp] Saving file at /workflow/streamflow_distribution_changes.ipynb
[W 14:58:29.955 NotebookApp] Notebook workflow/streamflow_distribution_changes.ipynb is not trusted
[I 15:00:29.953 NotebookApp] Saving file at /workflow/streamflow_distribution_changes.ipynb
[W 15:00:29.954 NotebookApp] Notebook workflow/streamflow_distribution_changes.ipynb is not trusted
[I 15:02:29.859 NotebookApp] Saving file at /workflow/streamflow_distribution_changes.ipynb
[W 15:02:29.859 NotebookApp] Notebook workflow/streamflow_distribution_changes.ipynb is not trusted
[I 15:04:30.353 NotebookApp] Saving file at /workflow/streamflow_distribution_changes.ipynb
[W 15:04:30.353 NotebookApp] Notebook workflow/streamflow_distribution_changes.ipynb is not trusted
[I 15:06:29.707 NotebookApp] Saving file at /workflow/streamflow_distribution_changes.ipynb
[W 15:06:29.707 NotebookApp] Notebook workflow/streamflow_distribution_changes.ipynb is not trusted
[I 15:08:29.718 NotebookApp] Saving file at /workflow/streamflow_distribution_changes.ipynb
[W 15:08:29.718 NotebookApp] Notebook workflow/streamflow_distribution_changes.ipynb is not trusted
[I 15:10:29.826 NotebookApp] Saving file at /workflow/streamflow_distribution_changes.ipynb
[W 15:10:29.826 NotebookApp] Notebook workflow/streamflow_distribution_changes.ipynb is not trusted
[I 15:12:29.701 NotebookApp] Saving file at /workflow/streamflow_distribution_changes.ipynb
[W 15:12:29.701 NotebookApp] Notebook workflow/streamflow_distribution_changes.ipynb is not trusted
[I 15:14:29.870 NotebookApp] Saving file at /workflow/streamflow_distribution_changes.ipynb
[W 15:14:29.870 NotebookApp] Notebook workflow/streamflow_distribution_changes.ipynb is not trusted
[I 15:16:30.281 NotebookApp] Saving file at /workflow/streamflow_distribution_changes.ipynb
[W 15:16:30.282 NotebookApp] Notebook workflow/streamflow_distribution_changes.ipynb is not trusted
[I 15:18:29.860 NotebookApp] Saving file at /workflow/streamflow_distribution_changes.ipynb
[W 15:18:29.861 NotebookApp] Notebook workflow/streamflow_distribution_changes.ipynb is not trusted
[I 15:20:29.790 NotebookApp] Saving file at /workflow/streamflow_distribution_changes.ipynb
[W 15:20:29.791 NotebookApp] Notebook workflow/streamflow_distribution_changes.ipynb is not trusted
[I 15:22:29.664 NotebookApp] Saving file at /workflow/streamflow_distribution_changes.ipynb
[W 15:22:29.664 NotebookApp] Notebook workflow/streamflow_distribution_changes.ipynb is not trusted
[I 15:24:29.706 NotebookApp] Saving file at /workflow/streamflow_distribution_changes.ipynb
[W 15:24:29.706 NotebookApp] Notebook workflow/streamflow_distribution_changes.ipynb is not trusted
[I 15:26:29.783 NotebookApp] Saving file at /workflow/streamflow_distribution_changes.ipynb
[W 15:26:29.784 NotebookApp] Notebook workflow/streamflow_distribution_changes.ipynb is not trusted
[I 15:28:29.783 NotebookApp] Saving file at /workflow/streamflow_distribution_changes.ipynb
[W 15:28:29.783 NotebookApp] Notebook workflow/streamflow_distribution_changes.ipynb is not trusted
[I 15:30:29.717 NotebookApp] Saving file at /workflow/streamflow_distribution_changes.ipynb
[W 15:30:29.717 NotebookApp] Notebook workflow/streamflow_distribution_changes.ipynb is not trusted
[I 15:32:30.853 NotebookApp] Saving file at /workflow/streamflow_distribution_changes.ipynb
[W 15:32:30.853 NotebookApp] Notebook workflow/streamflow_distribution_changes.ipynb is not trusted
[I 15:38:30.223 NotebookApp] Saving file at /workflow/streamflow_distribution_changes.ipynb
[W 15:38:30.224 NotebookApp] Notebook workflow/streamflow_distribution_changes.ipynb is not trusted
[I 15:40:29.479 NotebookApp] Saving file at /workflow/streamflow_distribution_changes.ipynb
[W 15:40:29.479 NotebookApp] Notebook workflow/streamflow_distribution_changes.ipynb is not trusted
[I 15:42:29.473 NotebookApp] Saving file at /workflow/streamflow_distribution_changes.ipynb
[W 15:42:29.473 NotebookApp] Notebook workflow/streamflow_distribution_changes.ipynb is not trusted
[I 15:46:30.184 NotebookApp] Saving file at /workflow/streamflow_distribution_changes.ipynb
[W 15:46:30.185 NotebookApp] Notebook workflow/streamflow_distribution_changes.ipynb is not trusted
[I 15:50:29.579 NotebookApp] Saving file at /workflow/streamflow_distribution_changes.ipynb
[W 15:50:29.579 NotebookApp] Notebook workflow/streamflow_distribution_changes.ipynb is not trusted
[W 16:25:22.547 NotebookApp] Notebook workflow/hive_plots_drought_impacts-history.ipynb is not trusted
[W 16:25:22.651 NotebookApp] 404 GET /nbextensions/widgets/notebook/js/extension.js?v=20230711131527 (::1) 1.510000ms referer=http://localhost:8888/notebooks/workflow/hive_plots_drought_impacts-history.ipynb
[I 16:25:23.540 NotebookApp] Kernel started: af80ee44-ae8c-48f1-8948-045033368514, name: python3
srun: Job step aborted: Waiting up to 32 seconds for job step to finish.
slurmstepd: error: *** STEP 44785.0 ON c0018 CANCELLED AT 2023-07-11T21:15:43 DUE TO TIME LIMIT ***
slurmstepd: error: *** JOB 44785 ON c0018 CANCELLED AT 2023-07-11T21:15:43 DUE TO TIME LIMIT ***
[C 21:15:43.247 NotebookApp] received signal 15, stopping
srun: got SIGCONT
srun: forcing job termination
[C 21:15:43.249 NotebookApp] received signal 15, stopping
[I 21:15:43.249 NotebookApp] Shutting down 2 kernels
[I 21:15:43.249 NotebookApp] Kernel shutdown: c76dc160-8e29-4a4a-9730-eff153635a82
connect_to localhost port 18128: failed.
connect_to localhost port 18128: failed.
