[W 2023-07-18 21:36:45.301 LabApp] 'port' has moved from NotebookApp to ServerApp. This config will be passed to ServerApp. Be sure to update your config before our next release.
[W 2023-07-18 21:36:45.301 LabApp] 'port' has moved from NotebookApp to ServerApp. This config will be passed to ServerApp. Be sure to update your config before our next release.
[W 2023-07-18 21:36:45.301 LabApp] 'port' has moved from NotebookApp to ServerApp. This config will be passed to ServerApp. Be sure to update your config before our next release.
[W 2023-07-18 21:36:45.301 LabApp] 'port' has moved from NotebookApp to ServerApp. This config will be passed to ServerApp. Be sure to update your config before our next release.
[I 2023-07-18 21:36:45.304 LabApp] JupyterLab extension loaded from /home/fs02/pmr82_0001/ah986/rival_framings/lib64/python3.6/site-packages/jupyterlab
[I 2023-07-18 21:36:45.305 LabApp] JupyterLab application directory is /home/fs02/pmr82_0001/ah986/rival_framings/share/jupyter/lab
[I 21:36:45.309 NotebookApp] Serving notebooks from local directory: /home/fs02/pmr82_0001/ah986/Hadjimichael-etal_2023_EarthsFuture
[I 21:36:45.309 NotebookApp] Jupyter Notebook 6.4.5 is running at:
[I 21:36:45.309 NotebookApp] http://localhost:18333/?token=4ab548390e455ceedba255a22dab28e20e038a34f3a16851
[I 21:36:45.309 NotebookApp]  or http://127.0.0.1:18333/?token=4ab548390e455ceedba255a22dab28e20e038a34f3a16851
[I 21:36:45.309 NotebookApp] Use Control-C to stop this server and shut down all kernels (twice to skip confirmation).
[C 21:36:45.314 NotebookApp] 
    
    To access the notebook, open this file in a browser:
        file:///home/fs02/pmr82_0001/ah986/.local/share/jupyter/runtime/nbserver-2057540-open.html
    Or copy and paste one of these URLs:
        http://localhost:18333/?token=4ab548390e455ceedba255a22dab28e20e038a34f3a16851
     or http://127.0.0.1:18333/?token=4ab548390e455ceedba255a22dab28e20e038a34f3a16851
[I 21:37:23.007 NotebookApp] 302 GET /?token=4ab548390e455ceedba255a22dab28e20e038a34f3a16851 (::1) 0.370000ms
[W 21:37:31.438 NotebookApp] 404 GET /nbextensions/widgets/notebook/js/extension.js?v=20230718213644 (::1) 5.710000ms referer=http://localhost:8888/notebooks/workflow/hive_plots_drought_impacts-non_stationary.ipynb
[I 21:37:32.603 NotebookApp] Kernel started: 26608fff-2964-4d19-80a5-7a2d4e0a0605, name: python3
[I 21:37:34.981 NotebookApp] Kernel started: 715e18d1-844c-40c1-8969-3d7f7ba3d8cc, name: python3
[W 21:37:35.299 NotebookApp] 404 GET /nbextensions/widgets/notebook/js/extension.js?v=20230718213644 (::1) 2.220000ms referer=http://localhost:8888/notebooks/workflow/hive_plots_drought_impacts-history.ipynb
[I 21:39:35.211 NotebookApp] Saving file at /workflow/hive_plots_drought_impacts-history.ipynb
[I 21:41:35.162 NotebookApp] Saving file at /workflow/hive_plots_drought_impacts-history.ipynb
[I 21:43:32.960 NotebookApp] Saving file at /workflow/hive_plots_drought_impacts-non_stationary.ipynb
[I 21:45:38.238 NotebookApp] Saving file at /workflow/hive_plots_drought_impacts-non_stationary.ipynb
[I 21:47:11.883 NotebookApp] Starting buffering for 715e18d1-844c-40c1-8969-3d7f7ba3d8cc:8112a0f53bdb492985a5260cb30414af
[I 21:47:12.336 NotebookApp] Kernel restarted: 715e18d1-844c-40c1-8969-3d7f7ba3d8cc
[I 21:47:12.436 NotebookApp] Restoring connection for 715e18d1-844c-40c1-8969-3d7f7ba3d8cc:8112a0f53bdb492985a5260cb30414af
[I 21:47:12.940 NotebookApp] Replaying 3 buffered messages
[I 21:47:40.028 NotebookApp] Saving file at /workflow/hive_plots_drought_impacts-non_stationary.ipynb
[I 21:47:40.186 NotebookApp] Saving file at /workflow/hive_plots_drought_impacts-history.ipynb
[I 21:48:11.389 NotebookApp] Saving file at /workflow/hive_plots_drought_impacts-non_stationary.ipynb
[I 21:48:16.045 NotebookApp] Starting buffering for 26608fff-2964-4d19-80a5-7a2d4e0a0605:458678efb008452cbef5a79aad5c724f
[I 21:48:16.569 NotebookApp] Kernel restarted: 26608fff-2964-4d19-80a5-7a2d4e0a0605
[I 21:48:16.665 NotebookApp] Restoring connection for 26608fff-2964-4d19-80a5-7a2d4e0a0605:458678efb008452cbef5a79aad5c724f
[I 21:48:17.038 NotebookApp] Replaying 3 buffered messages
[I 21:49:35.108 NotebookApp] Saving file at /workflow/hive_plots_drought_impacts-history.ipynb
[I 21:50:03.331 NotebookApp] Saving file at /workflow/hive_plots_drought_impacts-non_stationary.ipynb
[I 21:55:42.821 NotebookApp] Saving file at /workflow/hive_plots_drought_impacts-non_stationary.ipynb
[I 21:57:33.133 NotebookApp] Saving file at /workflow/hive_plots_drought_impacts-non_stationary.ipynb
[I 21:57:35.695 NotebookApp] Starting buffering for 26608fff-2964-4d19-80a5-7a2d4e0a0605:458678efb008452cbef5a79aad5c724f
[I 21:57:36.145 NotebookApp] Kernel restarted: 26608fff-2964-4d19-80a5-7a2d4e0a0605
[I 21:57:36.274 NotebookApp] Restoring connection for 26608fff-2964-4d19-80a5-7a2d4e0a0605:458678efb008452cbef5a79aad5c724f
[I 21:57:36.638 NotebookApp] Replaying 3 buffered messages
[I 21:59:33.369 NotebookApp] Saving file at /workflow/hive_plots_drought_impacts-non_stationary.ipynb
[I 21:59:35.395 NotebookApp] Saving file at /workflow/hive_plots_drought_impacts-history.ipynb
[I 21:59:46.405 NotebookApp] Starting buffering for 715e18d1-844c-40c1-8969-3d7f7ba3d8cc:8112a0f53bdb492985a5260cb30414af
[I 21:59:46.753 NotebookApp] Kernel restarted: 715e18d1-844c-40c1-8969-3d7f7ba3d8cc
[I 21:59:46.944 NotebookApp] Restoring connection for 715e18d1-844c-40c1-8969-3d7f7ba3d8cc:8112a0f53bdb492985a5260cb30414af
[I 21:59:47.184 NotebookApp] Replaying 3 buffered messages
[I 22:01:33.370 NotebookApp] Saving file at /workflow/hive_plots_drought_impacts-non_stationary.ipynb
[I 22:01:35.224 NotebookApp] Saving file at /workflow/hive_plots_drought_impacts-history.ipynb
[I 22:03:35.156 NotebookApp] Saving file at /workflow/hive_plots_drought_impacts-history.ipynb
[I 22:05:35.148 NotebookApp] Saving file at /workflow/hive_plots_drought_impacts-history.ipynb
[I 22:07:35.181 NotebookApp] Saving file at /workflow/hive_plots_drought_impacts-history.ipynb
[I 22:09:36.507 NotebookApp] Saving file at /workflow/hive_plots_drought_impacts-history.ipynb
[I 22:11:34.701 NotebookApp] Saving file at /workflow/hive_plots_drought_impacts-non_stationary.ipynb
[I 22:11:36.244 NotebookApp] Saving file at /workflow/hive_plots_drought_impacts-history.ipynb
[I 23:33:09.720 NotebookApp] Starting buffering for 26608fff-2964-4d19-80a5-7a2d4e0a0605:458678efb008452cbef5a79aad5c724f
[I 23:33:09.721 NotebookApp] Starting buffering for 715e18d1-844c-40c1-8969-3d7f7ba3d8cc:8112a0f53bdb492985a5260cb30414af
srun: Job step aborted: Waiting up to 32 seconds for job step to finish.
slurmstepd: error: *** JOB 44817 ON c0003 CANCELLED AT 2023-07-19T05:37:07 DUE TO TIME LIMIT ***
slurmstepd: error: *** STEP 44817.0 ON c0003 CANCELLED AT 2023-07-19T05:37:07 DUE TO TIME LIMIT ***
[C 05:37:07.630 NotebookApp] received signal 15, stopping
srun: got SIGCONT
srun: forcing job termination
[C 05:37:07.631 NotebookApp] received signal 15, stopping
[I 05:37:07.632 NotebookApp] Shutting down 2 kernels
[I 05:37:07.633 NotebookApp] Kernel shutdown: 26608fff-2964-4d19-80a5-7a2d4e0a0605
