[W 2023-07-17 22:10:52.712 LabApp] 'port' has moved from NotebookApp to ServerApp. This config will be passed to ServerApp. Be sure to update your config before our next release.
[W 2023-07-17 22:10:52.712 LabApp] 'port' has moved from NotebookApp to ServerApp. This config will be passed to ServerApp. Be sure to update your config before our next release.
[W 2023-07-17 22:10:52.712 LabApp] 'port' has moved from NotebookApp to ServerApp. This config will be passed to ServerApp. Be sure to update your config before our next release.
[W 2023-07-17 22:10:52.712 LabApp] 'port' has moved from NotebookApp to ServerApp. This config will be passed to ServerApp. Be sure to update your config before our next release.
[I 2023-07-17 22:10:52.715 LabApp] JupyterLab extension loaded from /home/fs02/pmr82_0001/ah986/rival_framings/lib64/python3.6/site-packages/jupyterlab
[I 2023-07-17 22:10:52.715 LabApp] JupyterLab application directory is /home/fs02/pmr82_0001/ah986/rival_framings/share/jupyter/lab
[I 22:10:52.719 NotebookApp] Serving notebooks from local directory: /home/fs02/pmr82_0001/ah986/Hadjimichael-etal_2023_EarthsFuture
[I 22:10:52.719 NotebookApp] Jupyter Notebook 6.4.5 is running at:
[I 22:10:52.719 NotebookApp] http://localhost:18366/?token=566117cc236a8890704233d90ecd6a0fc19fb0659a7b753b
[I 22:10:52.719 NotebookApp]  or http://127.0.0.1:18366/?token=566117cc236a8890704233d90ecd6a0fc19fb0659a7b753b
[I 22:10:52.719 NotebookApp] Use Control-C to stop this server and shut down all kernels (twice to skip confirmation).
[C 22:10:52.724 NotebookApp] 
    
    To access the notebook, open this file in a browser:
        file:///home/fs02/pmr82_0001/ah986/.local/share/jupyter/runtime/nbserver-1328664-open.html
    Or copy and paste one of these URLs:
        http://localhost:18366/?token=566117cc236a8890704233d90ecd6a0fc19fb0659a7b753b
     or http://127.0.0.1:18366/?token=566117cc236a8890704233d90ecd6a0fc19fb0659a7b753b
[I 22:12:32.859 NotebookApp] 302 GET /?token=566117cc236a8890704233d90ecd6a0fc19fb0659a7b753b (::1) 0.370000ms
[W 22:13:00.057 NotebookApp] delete /jupyter-44785.err
[W 22:13:00.102 NotebookApp] delete /jupyter-44790.log
[W 22:13:00.105 NotebookApp] delete /jupyter-44785.log
[W 22:13:00.106 NotebookApp] delete /jupyter-44786.err
[W 22:13:00.108 NotebookApp] delete /jupyter-44790.err
[W 22:13:00.109 NotebookApp] delete /jupyter-44786.log
[W 22:17:30.144 NotebookApp] 404 GET /nbextensions/widgets/notebook/js/extension.js?v=20230717221052 (::1) 9.740000ms referer=http://localhost:8888/notebooks/workflow/hive_plots_drought_impacts-history.ipynb
[I 22:17:30.146 NotebookApp] Kernel started: 5fc223e6-cb5c-465e-a0da-f84ac0ea7e0f, name: python3
Exception in callback <TaskStepMethWrapper object at 0x146da06b1f28>()
handle: <Handle <TaskStepMethWrapper object at 0x146da06b1f28>()>
Traceback (most recent call last):
  File "/usr/lib64/python3.6/asyncio/events.py", line 145, in _run
    self._callback(*self._args)
KeyError: <_UnixSelectorEventLoop running=True closed=False debug=False>
[I 22:19:30.862 NotebookApp] Saving file at /workflow/hive_plots_drought_impacts-history.ipynb
[W 22:31:46.834 NotebookApp] 404 GET /nbextensions/widgets/notebook/js/extension.js?v=20230717221052 (::1) 1.270000ms referer=http://localhost:8888/notebooks/workflow/hive_plots_drought_impacts-non_stationary.ipynb
[I 22:31:47.843 NotebookApp] Kernel started: 65d6646d-2552-4810-b429-084cf1952f12, name: python3
[I 22:48:25.794 NotebookApp] Starting buffering for 65d6646d-2552-4810-b429-084cf1952f12:c8d412cee29a41a88e2f20591b12c42d
[I 22:48:25.876 NotebookApp] Starting buffering for 5fc223e6-cb5c-465e-a0da-f84ac0ea7e0f:1e5691f65e374d249dc11445a96d7e02
[I 22:48:27.848 NotebookApp] Restoring connection for 5fc223e6-cb5c-465e-a0da-f84ac0ea7e0f:1e5691f65e374d249dc11445a96d7e02
[I 22:48:28.184 NotebookApp] Restoring connection for 65d6646d-2552-4810-b429-084cf1952f12:c8d412cee29a41a88e2f20591b12c42d
[W 22:49:57.849 NotebookApp] WebSocket ping timeout after 90000 ms.
[W 22:49:58.185 NotebookApp] WebSocket ping timeout after 90000 ms.
[I 22:50:02.851 NotebookApp] Starting buffering for 5fc223e6-cb5c-465e-a0da-f84ac0ea7e0f:1e5691f65e374d249dc11445a96d7e02
[I 22:50:03.186 NotebookApp] Starting buffering for 65d6646d-2552-4810-b429-084cf1952f12:c8d412cee29a41a88e2f20591b12c42d
srun: Job step aborted: Waiting up to 32 seconds for job step to finish.
slurmstepd: error: *** STEP 44806.0 ON c0002 CANCELLED AT 2023-07-18T06:11:03 DUE TO TIME LIMIT ***
slurmstepd: error: *** JOB 44806 ON c0002 CANCELLED AT 2023-07-18T06:11:03 DUE TO TIME LIMIT ***
[C 06:11:03.239 NotebookApp] received signal 15, stopping
srun: got SIGCONT
srun: forcing job termination
[C 06:11:03.241 NotebookApp] received signal 15, stopping
[I 06:11:03.241 NotebookApp] Shutting down 2 kernels
[I 06:11:03.242 NotebookApp] Kernel shutdown: 5fc223e6-cb5c-465e-a0da-f84ac0ea7e0f
