[W 2023-07-18 15:24:23.453 LabApp] 'port' has moved from NotebookApp to ServerApp. This config will be passed to ServerApp. Be sure to update your config before our next release.
[W 2023-07-18 15:24:23.453 LabApp] 'port' has moved from NotebookApp to ServerApp. This config will be passed to ServerApp. Be sure to update your config before our next release.
[W 2023-07-18 15:24:23.453 LabApp] 'port' has moved from NotebookApp to ServerApp. This config will be passed to ServerApp. Be sure to update your config before our next release.
[W 2023-07-18 15:24:23.453 LabApp] 'port' has moved from NotebookApp to ServerApp. This config will be passed to ServerApp. Be sure to update your config before our next release.
[I 2023-07-18 15:24:23.456 LabApp] JupyterLab extension loaded from /home/fs02/pmr82_0001/ah986/rival_framings/lib64/python3.6/site-packages/jupyterlab
[I 2023-07-18 15:24:23.456 LabApp] JupyterLab application directory is /home/fs02/pmr82_0001/ah986/rival_framings/share/jupyter/lab
[I 15:24:23.461 NotebookApp] Serving notebooks from local directory: /home/fs02/pmr82_0001/ah986/Hadjimichael-etal_2023_EarthsFuture
[I 15:24:23.461 NotebookApp] Jupyter Notebook 6.4.5 is running at:
[I 15:24:23.461 NotebookApp] http://localhost:18380/?token=6bec1213f4d04b2e5943bb1bb9b4aa185b361ac185276452
[I 15:24:23.461 NotebookApp]  or http://127.0.0.1:18380/?token=6bec1213f4d04b2e5943bb1bb9b4aa185b361ac185276452
[I 15:24:23.461 NotebookApp] Use Control-C to stop this server and shut down all kernels (twice to skip confirmation).
[C 15:24:23.467 NotebookApp] 
    
    To access the notebook, open this file in a browser:
        file:///home/fs02/pmr82_0001/ah986/.local/share/jupyter/runtime/nbserver-2055234-open.html
    Or copy and paste one of these URLs:
        http://localhost:18380/?token=6bec1213f4d04b2e5943bb1bb9b4aa185b361ac185276452
     or http://127.0.0.1:18380/?token=6bec1213f4d04b2e5943bb1bb9b4aa185b361ac185276452
[I 15:25:45.971 NotebookApp] 302 GET /?token=6bec1213f4d04b2e5943bb1bb9b4aa185b361ac185276452 (::1) 0.400000ms
[I 15:25:55.098 NotebookApp] Kernel started: 9d7d0c6d-2e8a-4924-9537-b6c6e077a09f, name: python3
[W 15:25:55.212 NotebookApp] 404 GET /nbextensions/widgets/notebook/js/extension.js?v=20230718152421 (::1) 10.880000ms referer=http://localhost:8888/notebooks/workflow/streamflow_distribution_changes.ipynb
[I 15:27:55.160 NotebookApp] Saving file at /workflow/streamflow_distribution_changes.ipynb
[W 15:29:14.217 NotebookApp] Notebook workflow/classify_naturalized_streamflows-drought.ipynb is not trusted
[W 15:29:14.225 NotebookApp] 404 GET /nbextensions/widgets/notebook/js/extension.js?v=20230718152421 (::1) 1.360000ms referer=http://localhost:8888/notebooks/workflow/classify_naturalized_streamflows-drought.ipynb
[I 15:29:14.644 NotebookApp] Kernel started: 013d8e22-fac1-4dc0-8eff-ab2a5833a697, name: python3
[I 15:29:55.435 NotebookApp] Saving file at /workflow/streamflow_distribution_changes.ipynb
[I 15:35:56.702 NotebookApp] Saving file at /workflow/streamflow_distribution_changes.ipynb
[I 15:37:56.610 NotebookApp] Saving file at /workflow/streamflow_distribution_changes.ipynb
[I 15:39:55.621 NotebookApp] Saving file at /workflow/streamflow_distribution_changes.ipynb
[I 15:41:55.635 NotebookApp] Saving file at /workflow/streamflow_distribution_changes.ipynb
[I 15:43:35.962 NotebookApp] Saving file at /workflow/streamflow_distribution_changes.ipynb
[I 15:43:37.671 NotebookApp] Saving file at /workflow/streamflow_distribution_changes.ipynb
[I 15:43:42.682 NotebookApp] Kernel started: 2b7a9fdd-40fd-404e-bf7c-25b20495f0f8, name: python3
[W 15:43:42.686 NotebookApp] 404 GET /nbextensions/widgets/notebook/js/extension.js?v=20230718152421 (::1) 2.400000ms referer=http://localhost:8888/notebooks/workflow/hive_plots_drought_impacts-history.ipynb
[W 15:43:44.860 NotebookApp] 404 GET /nbextensions/widgets/notebook/js/extension.js?v=20230718152421 (::1) 1.010000ms referer=http://localhost:8888/notebooks/workflow/hive_plots_drought_impacts-non_stationary.ipynb
[I 15:43:45.521 NotebookApp] Kernel started: 52f6e641-c032-49bd-a00a-3daf2ce5e948, name: python3
[I 15:44:09.135 NotebookApp] Starting buffering for 013d8e22-fac1-4dc0-8eff-ab2a5833a697:2cdadcd796984ed9a977060c0b5c01c1
[I 15:44:10.556 NotebookApp] Starting buffering for 9d7d0c6d-2e8a-4924-9537-b6c6e077a09f:6965ce8f069341c68ff24a6bdcb0a7fe
[I 15:45:43.499 NotebookApp] Saving file at /workflow/hive_plots_drought_impacts-history.ipynb
[I 15:45:45.828 NotebookApp] Saving file at /workflow/hive_plots_drought_impacts-non_stationary.ipynb
[W 16:08:40.616 NotebookApp] Notebook workflow/streamflow_distribution_changes.ipynb is not trusted
[W 16:08:41.296 NotebookApp] 404 GET /nbextensions/widgets/notebook/js/extension.js?v=20230718152421 (::1) 1.580000ms referer=http://localhost:8888/notebooks/workflow/streamflow_distribution_changes.ipynb
[I 20:38:57.645 NotebookApp] Starting buffering for 9d7d0c6d-2e8a-4924-9537-b6c6e077a09f:23b41d47126147e58d411357e2e57ffc
[I 20:38:57.706 NotebookApp] Starting buffering for 52f6e641-c032-49bd-a00a-3daf2ce5e948:53453b11ce214a6e93cf26779d7b530d
[I 20:38:57.851 NotebookApp] Starting buffering for 2b7a9fdd-40fd-404e-bf7c-25b20495f0f8:2b56da7977b846c78128638f52c0c028
[I 20:38:59.171 NotebookApp] Restoring connection for 9d7d0c6d-2e8a-4924-9537-b6c6e077a09f:23b41d47126147e58d411357e2e57ffc
[I 20:38:59.501 NotebookApp] Restoring connection for 2b7a9fdd-40fd-404e-bf7c-25b20495f0f8:2b56da7977b846c78128638f52c0c028
[I 20:39:00.203 NotebookApp] Restoring connection for 52f6e641-c032-49bd-a00a-3daf2ce5e948:53453b11ce214a6e93cf26779d7b530d
[W 20:40:29.172 NotebookApp] WebSocket ping timeout after 90001 ms.
[W 20:40:29.502 NotebookApp] WebSocket ping timeout after 90000 ms.
[W 20:40:30.204 NotebookApp] WebSocket ping timeout after 90001 ms.
[I 20:40:34.175 NotebookApp] Starting buffering for 9d7d0c6d-2e8a-4924-9537-b6c6e077a09f:23b41d47126147e58d411357e2e57ffc
[I 20:40:34.504 NotebookApp] Starting buffering for 2b7a9fdd-40fd-404e-bf7c-25b20495f0f8:2b56da7977b846c78128638f52c0c028
[I 20:40:35.207 NotebookApp] Starting buffering for 52f6e641-c032-49bd-a00a-3daf2ce5e948:53453b11ce214a6e93cf26779d7b530d
srun: Job step aborted: Waiting up to 32 seconds for job step to finish.
slurmstepd: error: *** JOB 44816 ON c0003 CANCELLED AT 2023-07-18T23:24:35 DUE TO TIME LIMIT ***
slurmstepd: error: *** STEP 44816.0 ON c0003 CANCELLED AT 2023-07-18T23:24:35 DUE TO TIME LIMIT ***
[C 23:24:35.293 NotebookApp] received signal 15, stopping
srun: got SIGCONT
srun: forcing job termination
[C 23:24:35.294 NotebookApp] received signal 15, stopping
[I 23:24:35.294 NotebookApp] Shutting down 4 kernels
[I 23:24:35.296 NotebookApp] Kernel shutdown: 9d7d0c6d-2e8a-4924-9537-b6c6e077a09f
